<?xml version="1.0" encoding="UTF-8"?>
<!-- Generated by org.testng.reporters.JUnitReportReporter -->
<testsuite hostname="DESKTOP-1MJ0DPP" failures="0" tests="3" name="ExecutionPackage.AirCandaRunner" time="28.544" errors="0" timestamp="2023-08-08T18:11:04 IST" skipped="0">
  <testcase classname="ExecutionPackage.AirCandaRunner" name="runScenario" time="6.413"/>
  <system-out/>
  <testcase classname="ExecutionPackage.AirCandaRunner" name="runScenario" time="11.147"/>
  <system-out/>
  <testcase classname="ExecutionPackage.AirCandaRunner" name="runScenario" time="10.984"/>
  <system-out/>
</testsuite> <!-- ExecutionPackage.AirCandaRunner -->
