<?xml version="1.0" encoding="UTF-8"?>
<!-- Generated by org.testng.reporters.JUnitReportReporter -->
<testsuite hostname="DESKTOP-1MJ0DPP" failures="0" tests="3" name="ExecutionPackage.AirCandaRunner" time="30.831" errors="0" timestamp="2023-08-03T15:45:04 IST" skipped="0">
  <testcase classname="ExecutionPackage.AirCandaRunner" name="runScenario" time="8.672"/>
  <system-out/>
  <testcase classname="ExecutionPackage.AirCandaRunner" name="runScenario" time="8.663"/>
  <system-out/>
  <testcase classname="ExecutionPackage.AirCandaRunner" name="runScenario" time="13.496"/>
  <system-out/>
</testsuite> <!-- ExecutionPackage.AirCandaRunner -->
